ISim log file
Running: C:\Xilinx\PROSS\Smart_Parking_System_isim_beh.exe -intstyle ise -gui -tclbatch isim.cmd -wdb C:/Xilinx/PROSS/Smart_Parking_System_isim_beh.wdb 
ISim P.20131013 (signature 0x7708f090)
WARNING: A WEBPACK license was found.
WARNING: Please use Xilinx License Configuration Manager to check out a full ISim license.
WARNING: ISim will run in Lite mode. Please refer to the ISim documentation for more information on the differences between the Lite and the Full version.
This is a Lite version of ISim.
WARNING:  For instance Smart_Parking_System/ssd/, width 4 of formal port D0 is not equal to width 32 of actual constant.
WARNING:  For instance Smart_Parking_System/ssd/, width 4 of formal port D1 is not equal to width 32 of actual constant.
WARNING:  For instance Smart_Parking_System/ssd/, width 4 of formal port D2 is not equal to width 32 of actual constant.
WARNING:  For instance Smart_Parking_System/ssd/, width 4 of formal port D3 is not equal to width 32 of actual constant.
WARNING: File "C:/Xilinx/PROSS/PROSS.v" Line 28.  For instance Smart_Parking_System/ssd/, width 4 of formal port D4 is not equal to width 3 of actual variable handicap_count. 
WARNING:  For instance Smart_Parking_System/ssd/, width 4 of formal port D5 is not equal to width 32 of actual constant.
WARNING:  For instance Smart_Parking_System/ssd/, width 4 of formal port D6 is not equal to width 32 of actual constant.
WARNING:  For instance Smart_Parking_System/ssd/, width 4 of formal port D7 is not equal to width 32 of actual constant.
Time resolution is 1 ps
# onerror resume
# wave add /
# run 1000 ns
Simulator is doing circuit initialization process.
Finished circuit initialization process.
