Release 14.7 - ngc2edif P.20131013 (nt)
Copyright (c) 1995-2013 Xilinx, Inc.  All rights reserved.
Reading design project.ngc ...
WARNING:NetListWriters:298 - No output is written to project.xncf, ignored.
Processing design ...
   Preping design's networks ...
   Preping design's macros ...
  finished :Prep
Writing EDIF netlist file project.edif ...
ngc2edif: Total memory usage is 79224 kilobytes

Release 14.7 - ngc2edif P.20131013 (nt)
Copyright (c) 1995-2013 Xilinx, Inc.  All rights reserved.
Reading design project.ngc ...
WARNING:NetListWriters:298 - No output is written to project.xncf, ignored.
Processing design ...
   Preping design's networks ...
   Preping design's macros ...
  finished :Prep
Writing EDIF netlist file project.edif ...
ngc2edif: Total memory usage is 78904 kilobytes

Release 14.7 - ngc2edif P.20131013 (nt)
Copyright (c) 1995-2013 Xilinx, Inc.  All rights reserved.
Reading design project.ngc ...
WARNING:NetListWriters:298 - No output is written to project.xncf, ignored.
Processing design ...
   Preping design's networks ...
   Preping design's macros ...
  finished :Prep
Writing EDIF netlist file project.edif ...
ngc2edif: Total memory usage is 78584 kilobytes

Release 14.7 - ngc2edif P.20131013 (nt)
Copyright (c) 1995-2013 Xilinx, Inc.  All rights reserved.
Reading design project.ngc ...
WARNING:NetListWriters:298 - No output is written to project.xncf, ignored.
Processing design ...
   Preping design's networks ...
   Preping design's macros ...
  finished :Prep
Writing EDIF netlist file project.edif ...
ngc2edif: Total memory usage is 79288 kilobytes

